c:\users\ropein\onedrive\mac\2020년 2학기\수치컴퓨팅\강의자료\4.waveequation_cl_cpu_20\waveequation_cl\x64\debug\vc142.pdb
c:\users\ropein\onedrive\mac\2020년 2학기\수치컴퓨팅\강의자료\4.waveequation_cl_cpu_20\waveequation_cl\x64\debug\vc142.idb
c:\users\ropein\onedrive\mac\2020년 2학기\수치컴퓨팅\강의자료\4.waveequation_cl_cpu_20\waveequation_cl\x64\debug\my_opencl_util_2_1.obj
c:\users\ropein\onedrive\mac\2020년 2학기\수치컴퓨팅\강의자료\4.waveequation_cl_cpu_20\waveequation_cl\x64\debug\loadshaders.obj
c:\users\ropein\onedrive\mac\2020년 2학기\수치컴퓨팅\강의자료\4.waveequation_cl_cpu_20\waveequation_cl\x64\debug\opengl_we.obj
c:\users\ropein\onedrive\mac\2020년 2학기\수치컴퓨팅\강의자료\4.waveequation_cl_cpu_20\waveequation_cl\x64\debug\main_waveequation_cl_cpu.obj
c:\users\ropein\onedrive\mac\2020년 2학기\수치컴퓨팅\과제\숙제3\숙제3\waveequation_cl\x64\debug\vc142.pdb
c:\users\ropein\onedrive\mac\2020년 2학기\수치컴퓨팅\과제\숙제3\숙제3\waveequation_cl\x64\debug\vc142.idb
c:\users\ropein\onedrive\mac\2020년 2학기\수치컴퓨팅\과제\숙제3\숙제3\waveequation_cl\x64\debug\my_opencl_util_2_1.obj
c:\users\ropein\onedrive\mac\2020년 2학기\수치컴퓨팅\과제\숙제3\숙제3\waveequation_cl\x64\debug\loadshaders.obj
c:\users\ropein\onedrive\mac\2020년 2학기\수치컴퓨팅\과제\숙제3\숙제3\waveequation_cl\x64\debug\opengl_we.obj
c:\users\ropein\onedrive\mac\2020년 2학기\수치컴퓨팅\과제\숙제3\숙제3\waveequation_cl\x64\debug\main_waveequation_cl_cpu.obj
c:\users\ropein\onedrive\mac\2020년 2학기\수치컴퓨팅\강의자료\4.waveequation_cl_cpu_20\x64\debug\waveequation_cl.exe
c:\users\ropein\onedrive\mac\2020년 2학기\수치컴퓨팅\강의자료\4.waveequation_cl_cpu_20\x64\debug\waveequation_cl.ilk
c:\users\ropein\onedrive\mac\2020년 2학기\수치컴퓨팅\강의자료\4.waveequation_cl_cpu_20\x64\debug\waveequation_cl.pdb
c:\users\ropein\onedrive\mac\2020년 2학기\수치컴퓨팅\과제\숙제3\숙제3\x64\debug\waveequation_cl.exe
c:\users\ropein\onedrive\mac\2020년 2학기\수치컴퓨팅\과제\숙제3\숙제3\x64\debug\waveequation_cl.ilk
c:\users\ropein\onedrive\mac\2020년 2학기\수치컴퓨팅\과제\숙제3\숙제3\x64\debug\waveequation_cl.pdb
c:\users\ropein\onedrive\mac\2020년 2학기\수치컴퓨팅\과제\숙제3\waveequation_cl\waveequation_cl\x64\debug\loadshaders.obj
c:\users\ropein\onedrive\mac\2020년 2학기\수치컴퓨팅\과제\숙제3\waveequation_cl\waveequation_cl\x64\debug\main_waveequation_cl.obj
c:\users\ropein\onedrive\mac\2020년 2학기\수치컴퓨팅\과제\숙제3\waveequation_cl\waveequation_cl\x64\debug\main_waveequation_cl_cpu.obj
c:\users\ropein\onedrive\mac\2020년 2학기\수치컴퓨팅\과제\숙제3\waveequation_cl\waveequation_cl\x64\debug\my_opencl_util_2.obj
c:\users\ropein\onedrive\mac\2020년 2학기\수치컴퓨팅\과제\숙제3\waveequation_cl\waveequation_cl\x64\debug\my_opencl_util_2_1.obj
c:\users\ropein\onedrive\mac\2020년 2학기\수치컴퓨팅\과제\숙제3\waveequation_cl\waveequation_cl\x64\debug\opengl_we.obj
c:\users\ropein\onedrive\mac\2020년 2학기\수치컴퓨팅\과제\숙제3\waveequation_cl\waveequation_cl\x64\debug\vc142.idb
c:\users\ropein\onedrive\mac\2020년 2학기\수치컴퓨팅\과제\숙제3\waveequation_cl\waveequation_cl\x64\debug\vc142.pdb
c:\users\ropein\onedrive\mac\2020년 2학기\수치컴퓨팅\과제\숙제3\waveequation_cl\x64\debug\waveequation_cl.pdb
c:\users\ropein\onedrive\mac\2020년 2학기\수치컴퓨팅\과제\숙제3\waveequation_cl\x64\debug\waveequation_cl.exe
c:\users\ropein\onedrive\mac\2020년 2학기\수치컴퓨팅\과제\숙제3\waveequation_cl\x64\debug\waveequation_cl.ilk
c:\users\ropein\onedrive\mac\2020년 2학기\수치컴퓨팅\과제\숙제3\waveequation_cl\waveequation_cl\x64\debug\waveequation_cl.tlog\cl.command.1.tlog
c:\users\ropein\onedrive\mac\2020년 2학기\수치컴퓨팅\과제\숙제3\waveequation_cl\waveequation_cl\x64\debug\waveequation_cl.tlog\cl.read.1.tlog
c:\users\ropein\onedrive\mac\2020년 2학기\수치컴퓨팅\과제\숙제3\waveequation_cl\waveequation_cl\x64\debug\waveequation_cl.tlog\cl.write.1.tlog
c:\users\ropein\onedrive\mac\2020년 2학기\수치컴퓨팅\과제\숙제3\waveequation_cl\waveequation_cl\x64\debug\waveequation_cl.tlog\link.command.1.tlog
c:\users\ropein\onedrive\mac\2020년 2학기\수치컴퓨팅\과제\숙제3\waveequation_cl\waveequation_cl\x64\debug\waveequation_cl.tlog\link.read.1.tlog
c:\users\ropein\onedrive\mac\2020년 2학기\수치컴퓨팅\과제\숙제3\waveequation_cl\waveequation_cl\x64\debug\waveequation_cl.tlog\link.write.1.tlog
